<?xml version="1.0" encoding="UTF-8"?>
<!-- Generated by org.testng.reporters.JUnitXMLReporter -->
<testsuite ignored="0" hostname="DESKTOP-L0FBKBA" failures="0" tests="1" name="TestChrome" time="0.072" errors="0" timestamp="2026-06-25T14:27:02 IST">
  <testcase classname="com.utility.BaseClass" name="@BeforeMethod setup" time="-1.782377822607E9">
    <failure type="org.testng.TestNGException" message="
Parameter &amp;apos;Browsername&amp;apos; is required by BeforeMethod on method setup but has not been marked @Optional or defined
in C:\Users\Admin\Downloads\PVB_Framework\mastersuite.xml">
      <![CDATA[org.testng.TestNGException: 
Parameter 'Browsername' is required by BeforeMethod on method setup but has not been marked @Optional or defined
in C:\Users\Admin\Downloads\PVB_Framework\mastersuite.xml
at java.base/java.util.ArrayList.forEach(ArrayList.java:1511)
... Removed 28 stack frames]]>
    </failure>
  </testcase> <!-- @BeforeMethod setup -->
  <testcase classname="com.utility.BaseClass" name="@AfterMethod teardown" time="0.0">
    <skipped/>
  </testcase> <!-- @AfterMethod teardown -->
  <testcase classname="com.loginTest.verifyTest001" name="verifyLogin" time="0.0">
    <skipped/>
  </testcase> <!-- verifyLogin -->
</testsuite> <!-- TestChrome -->
